<?xml version="1.0" encoding="UTF-8"?>
<!-- Generated by org.testng.reporters.JUnitXMLReporter -->
<testsuite hostname="kruthi-PC" ignored="3" name="TestFirefox" tests="2" failures="0" timestamp="03 Mar 2017 10:09:42 GMT" time="120.415" errors="0">
  <testcase name="testCreateEmployee" time="16.485" classname="com.hrm.scripts.CreateEmployee"/>
  <testcase name="testDeleteEmployee" time="3.054" classname="com.hrm.scripts.DeleteEmployee"/>
  <testcase name="@BeforeSuite initReport" time="0.0" classname="com.hrm.base.BaseTest">
    <ignored/>
  </testcase> <!-- @BeforeSuite initReport -->
  <testcase name="@AfterSuite publishReport" time="0.0" classname="com.hrm.base.BaseTest">
    <ignored/>
  </testcase> <!-- @AfterSuite publishReport -->
  <testcase name="@BeforeTest initGlobalVar" time="0.0" classname="com.hrm.base.BaseTest">
    <ignored/>
  </testcase> <!-- @BeforeTest initGlobalVar -->
</testsuite> <!-- TestFirefox -->
